INFO:gym_env.env:
INFO:gym_env.env:==================
INFO:gym_env.env:Starting new game.
INFO:gym_env.env:==================
INFO:gym_env.env:Player hand: ['AH', '3S'], Dealer Show Card: 9H, Dealer Hand: ['9H', '9D']
INFO:gym_env.env:Player: Action.STAY - Player hand: ['AH', '3S']
INFO:gym_env.env:Dealer Show Card: 9H
INFO:gym_env.env:Dealer Hand: ['9H', '9D']
INFO:gym_env.env:Game over.
INFO:gym_env.env:Player sum: 14, Dealer sum: 18
INFO:gym_env.env:Player received reward -1
INFO:gym_env.env:
INFO:gym_env.env:==================
INFO:gym_env.env:Starting new game.
INFO:gym_env.env:==================
INFO:gym_env.env:Player hand: ['KH', '4C'], Dealer Show Card: TS, Dealer Hand: ['TS', '7C']
INFO:gym_env.env:Player: Action.STAY - Player hand: ['KH', '4C']
INFO:gym_env.env:Dealer Show Card: TS
INFO:gym_env.env:Dealer Hand: ['TS', '7C']
INFO:gym_env.env:Game over.
INFO:gym_env.env:Player sum: 14, Dealer sum: 17
INFO:gym_env.env:Player received reward -1
INFO:gym_env.env:
INFO:gym_env.env:==================
INFO:gym_env.env:Starting new game.
INFO:gym_env.env:==================
INFO:gym_env.env:Player hand: ['4H', '4S'], Dealer Show Card: 6H, Dealer Hand: ['6H', '4D']
INFO:gym_env.env:Player: Action.HIT - Player hand: ['4H', '4S', '3H']
INFO:gym_env.env:Dealer Show Card: 6H
INFO:gym_env.env:Dealer Hand: ['6H', '4D']
INFO:gym_env.env:Player: Action.HIT - Player hand: ['4H', '4S', '3H', '7D']
INFO:gym_env.env:Dealer Show Card: 6H
INFO:gym_env.env:Dealer Hand: ['6H', '4D']
INFO:gym_env.env:Player: Action.STAY - Player hand: ['4H', '4S', '3H', '7D']
INFO:gym_env.env:Dealer Show Card: 6H
INFO:gym_env.env:Dealer Hand: ['6H', '4D', 'QD']
INFO:gym_env.env:Game over.
INFO:gym_env.env:Player sum: 18, Dealer sum: 20
INFO:gym_env.env:Player received reward -1
INFO:gym_env.env:
INFO:gym_env.env:==================
INFO:gym_env.env:Starting new game.
INFO:gym_env.env:==================
INFO:gym_env.env:Player hand: ['7C', 'QH'], Dealer Show Card: 6D, Dealer Hand: ['6D', 'KD']
INFO:gym_env.env:Player: Action.STAY - Player hand: ['7C', 'QH']
INFO:gym_env.env:Dealer Show Card: 6D
INFO:gym_env.env:Dealer Hand: ['6D', 'KD', 'AS']
INFO:gym_env.env:Game over.
INFO:gym_env.env:Player sum: 17, Dealer sum: 17
INFO:gym_env.env:Player received reward 0
INFO:gym_env.env:
INFO:gym_env.env:==================
INFO:gym_env.env:Starting new game.
INFO:gym_env.env:==================
INFO:gym_env.env:Player hand: ['2C', '8H'], Dealer Show Card: AD, Dealer Hand: ['AD', '3H']
INFO:gym_env.env:Player: Action.HIT - Player hand: ['2C', '8H', '4S']
INFO:gym_env.env:Dealer Show Card: AD
INFO:gym_env.env:Dealer Hand: ['AD', '3H']
INFO:gym_env.env:Player: Action.STAY - Player hand: ['2C', '8H', '4S']
INFO:gym_env.env:Dealer Show Card: AD
INFO:gym_env.env:Dealer Hand: ['AD', '3H', 'KS', 'JS']
INFO:gym_env.env:Game over.
INFO:gym_env.env:Player sum: 14, Dealer sum: 24
INFO:gym_env.env:Player received reward 1
INFO:gym_env.env:
INFO:gym_env.env:==================
INFO:gym_env.env:Starting new game.
INFO:gym_env.env:==================
INFO:gym_env.env:Player hand: ['KC', 'JD'], Dealer Show Card: 7H, Dealer Hand: ['7H', '6H']
INFO:gym_env.env:Player: Action.STAY - Player hand: ['KC', 'JD']
INFO:gym_env.env:Dealer Show Card: 7H
INFO:gym_env.env:Dealer Hand: ['7H', '6H', '5C']
INFO:gym_env.env:Game over.
INFO:gym_env.env:Player sum: 20, Dealer sum: 18
INFO:gym_env.env:Player received reward 1
INFO:gym_env.env:
INFO:gym_env.env:==================
INFO:gym_env.env:Starting new game.
INFO:gym_env.env:==================
INFO:gym_env.env:Player hand: ['9H', '5S'], Dealer Show Card: JC, Dealer Hand: ['JC', '2D']
INFO:gym_env.env:Player: Action.STAY - Player hand: ['9H', '5S']
INFO:gym_env.env:Dealer Show Card: JC
INFO:gym_env.env:Dealer Hand: ['JC', '2D', '7C']
INFO:gym_env.env:Game over.
INFO:gym_env.env:Player sum: 14, Dealer sum: 19
INFO:gym_env.env:Player received reward -1
INFO:gym_env.env:
INFO:gym_env.env:==================
INFO:gym_env.env:Starting new game.
INFO:gym_env.env:==================
INFO:gym_env.env:Player hand: ['6S', '9S'], Dealer Show Card: TS, Dealer Hand: ['TS', 'JS']
INFO:gym_env.env:Player: Action.STAY - Player hand: ['6S', '9S']
INFO:gym_env.env:Dealer Show Card: TS
INFO:gym_env.env:Dealer Hand: ['TS', 'JS']
INFO:gym_env.env:Game over.
INFO:gym_env.env:Player sum: 15, Dealer sum: 20
INFO:gym_env.env:Player received reward -1
INFO:gym_env.env:
INFO:gym_env.env:==================
INFO:gym_env.env:Starting new game.
INFO:gym_env.env:==================
INFO:gym_env.env:Player hand: ['JH', '5C'], Dealer Show Card: TC, Dealer Hand: ['TC', 'QD']
INFO:gym_env.env:Player: Action.STAY - Player hand: ['JH', '5C']
INFO:gym_env.env:Dealer Show Card: TC
INFO:gym_env.env:Dealer Hand: ['TC', 'QD']
INFO:gym_env.env:Game over.
INFO:gym_env.env:Player sum: 15, Dealer sum: 20
INFO:gym_env.env:Player received reward -1
INFO:gym_env.env:
INFO:gym_env.env:==================
INFO:gym_env.env:Starting new game.
INFO:gym_env.env:==================
INFO:gym_env.env:Player hand: ['9S', 'KS'], Dealer Show Card: 7D, Dealer Hand: ['7D', '9D']
INFO:gym_env.env:Player: Action.STAY - Player hand: ['9S', 'KS']
INFO:gym_env.env:Dealer Show Card: 7D
INFO:gym_env.env:Dealer Hand: ['7D', '9D', '7S']
INFO:gym_env.env:Game over.
INFO:gym_env.env:Player sum: 19, Dealer sum: 23
INFO:gym_env.env:Player received reward 1
INFO:gym_env.env:
INFO:gym_env.env:==================
INFO:gym_env.env:Starting new game.
INFO:gym_env.env:==================
INFO:gym_env.env:Player hand: ['QD', '2S'], Dealer Show Card: 3C, Dealer Hand: ['3C', '7C']
INFO:gym_env.env:Player: Action.STAY - Player hand: ['QD', '2S']
INFO:gym_env.env:Dealer Show Card: 3C
INFO:gym_env.env:Dealer Hand: ['3C', '7C', '7D']
INFO:gym_env.env:Game over.
INFO:gym_env.env:Player sum: 12, Dealer sum: 17
INFO:gym_env.env:Player received reward -1
INFO:gym_env.env:
INFO:gym_env.env:==================
INFO:gym_env.env:Starting new game.
INFO:gym_env.env:==================
INFO:gym_env.env:Player hand: ['5D', '6C'], Dealer Show Card: TH, Dealer Hand: ['TH', 'TC']
INFO:gym_env.env:Player: Action.HIT - Player hand: ['5D', '6C', '5S']
INFO:gym_env.env:Dealer Show Card: TH
INFO:gym_env.env:Dealer Hand: ['TH', 'TC']
INFO:gym_env.env:Player: Action.STAY - Player hand: ['5D', '6C', '5S']
INFO:gym_env.env:Dealer Show Card: TH
INFO:gym_env.env:Dealer Hand: ['TH', 'TC']
INFO:gym_env.env:Game over.
INFO:gym_env.env:Player sum: 16, Dealer sum: 20
INFO:gym_env.env:Player received reward -1
INFO:gym_env.env:
INFO:gym_env.env:==================
INFO:gym_env.env:Starting new game.
INFO:gym_env.env:==================
INFO:gym_env.env:Player hand: ['KD', 'TD'], Dealer Show Card: 5C, Dealer Hand: ['5C', '6H']
INFO:gym_env.env:Player: Action.STAY - Player hand: ['KD', 'TD']
INFO:gym_env.env:Dealer Show Card: 5C
INFO:gym_env.env:Dealer Hand: ['5C', '6H', '7S']
INFO:gym_env.env:Game over.
INFO:gym_env.env:Player sum: 20, Dealer sum: 18
INFO:gym_env.env:Player received reward 1
INFO:gym_env.env:
INFO:gym_env.env:==================
INFO:gym_env.env:Starting new game.
INFO:gym_env.env:==================
INFO:gym_env.env:Player hand: ['6S', 'KC'], Dealer Show Card: 5S, Dealer Hand: ['5S', 'KH']
INFO:gym_env.env:Player: Action.STAY - Player hand: ['6S', 'KC']
INFO:gym_env.env:Dealer Show Card: 5S
INFO:gym_env.env:Dealer Hand: ['5S', 'KH', '2D']
INFO:gym_env.env:Game over.
INFO:gym_env.env:Player sum: 16, Dealer sum: 17
INFO:gym_env.env:Player received reward -1
INFO:gym_env.env:
INFO:gym_env.env:==================
INFO:gym_env.env:Starting new game.
INFO:gym_env.env:==================
INFO:gym_env.env:Player hand: ['3H', '9H'], Dealer Show Card: 9C, Dealer Hand: ['9C', '8S']
INFO:gym_env.env:Player: Action.STAY - Player hand: ['3H', '9H']
INFO:gym_env.env:Dealer Show Card: 9C
INFO:gym_env.env:Dealer Hand: ['9C', '8S']
INFO:gym_env.env:Game over.
INFO:gym_env.env:Player sum: 12, Dealer sum: 17
INFO:gym_env.env:Player received reward -1
INFO:gym_env.env:
INFO:gym_env.env:==================
INFO:gym_env.env:Starting new game.
INFO:gym_env.env:==================
INFO:gym_env.env:Player hand: ['AC', 'JC'], Dealer Show Card: 6H, Dealer Hand: ['6H', 'KC']
INFO:gym_env.env:Game over.
INFO:gym_env.env:Player sum: 21, Dealer sum: 16
INFO:gym_env.env:Player received reward 1.5
INFO:gym_env.env:Player: Action.STAY - Player hand: ['AC', 'JC']
INFO:gym_env.env:Dealer Show Card: 6H
INFO:gym_env.env:Dealer Hand: ['6H', 'KC']
INFO:gym_env.env:Game over.
INFO:gym_env.env:Player sum: 21, Dealer sum: 16
INFO:gym_env.env:Player received reward 1.5
INFO:gym_env.env:
INFO:gym_env.env:==================
INFO:gym_env.env:Starting new game.
INFO:gym_env.env:==================
INFO:gym_env.env:Player hand: ['KS', 'KH'], Dealer Show Card: TD, Dealer Hand: ['TD', 'AD']
INFO:gym_env.env:Game over.
INFO:gym_env.env:Player sum: 20, Dealer sum: 21
INFO:gym_env.env:Player received reward -1
INFO:gym_env.env:Player: Action.STAY - Player hand: ['KS', 'KH']
INFO:gym_env.env:Dealer Show Card: TD
INFO:gym_env.env:Dealer Hand: ['TD', 'AD']
INFO:gym_env.env:Game over.
INFO:gym_env.env:Player sum: 20, Dealer sum: 21
INFO:gym_env.env:Player received reward -1
INFO:gym_env.env:
INFO:gym_env.env:==================
INFO:gym_env.env:Starting new game.
INFO:gym_env.env:==================
INFO:gym_env.env:Player hand: ['5S', 'QD'], Dealer Show Card: 6H, Dealer Hand: ['6H', 'AD']
INFO:gym_env.env:Player: Action.STAY - Player hand: ['5S', 'QD']
INFO:gym_env.env:Dealer Show Card: 6H
INFO:gym_env.env:Dealer Hand: ['6H', 'AD']
INFO:gym_env.env:Game over.
INFO:gym_env.env:Player sum: 15, Dealer sum: 17
INFO:gym_env.env:Player received reward -1
INFO:gym_env.env:
INFO:gym_env.env:==================
INFO:gym_env.env:Starting new game.
INFO:gym_env.env:==================
INFO:gym_env.env:Player hand: ['4C', 'JS'], Dealer Show Card: JC, Dealer Hand: ['JC', '5C']
INFO:gym_env.env:Player: Action.STAY - Player hand: ['4C', 'JS']
INFO:gym_env.env:Dealer Show Card: JC
INFO:gym_env.env:Dealer Hand: ['JC', '5C', '7C']
INFO:gym_env.env:Game over.
INFO:gym_env.env:Player sum: 14, Dealer sum: 22
INFO:gym_env.env:Player received reward 1
INFO:gym_env.env:
INFO:gym_env.env:==================
INFO:gym_env.env:Starting new game.
INFO:gym_env.env:==================
INFO:gym_env.env:Player hand: ['5S', '2D'], Dealer Show Card: JC, Dealer Hand: ['JC', '8C']
INFO:gym_env.env:Player: Action.HIT - Player hand: ['5S', '2D', '8S']
INFO:gym_env.env:Dealer Show Card: JC
INFO:gym_env.env:Dealer Hand: ['JC', '8C']
INFO:gym_env.env:Player: Action.STAY - Player hand: ['5S', '2D', '8S']
INFO:gym_env.env:Dealer Show Card: JC
INFO:gym_env.env:Dealer Hand: ['JC', '8C']
INFO:gym_env.env:Game over.
INFO:gym_env.env:Player sum: 15, Dealer sum: 18
INFO:gym_env.env:Player received reward -1
INFO:gym_env.env:
INFO:gym_env.env:==================
INFO:gym_env.env:Starting new game.
INFO:gym_env.env:==================
INFO:gym_env.env:Player hand: ['8S', 'QS'], Dealer Show Card: 4C, Dealer Hand: ['4C', '7D']
INFO:gym_env.env:Player: Action.STAY - Player hand: ['8S', 'QS']
INFO:gym_env.env:Dealer Show Card: 4C
INFO:gym_env.env:Dealer Hand: ['4C', '7D', '2S', 'JC']
INFO:gym_env.env:Game over.
INFO:gym_env.env:Player sum: 18, Dealer sum: 23
INFO:gym_env.env:Player received reward 1
INFO:gym_env.env:
INFO:gym_env.env:==================
INFO:gym_env.env:Starting new game.
INFO:gym_env.env:==================
INFO:gym_env.env:Player hand: ['4D', 'KS'], Dealer Show Card: 8C, Dealer Hand: ['8C', '7H']
INFO:gym_env.env:Player: Action.STAY - Player hand: ['4D', 'KS']
INFO:gym_env.env:Dealer Show Card: 8C
INFO:gym_env.env:Dealer Hand: ['8C', '7H', 'JH']
INFO:gym_env.env:Game over.
INFO:gym_env.env:Player sum: 14, Dealer sum: 25
INFO:gym_env.env:Player received reward 1
INFO:gym_env.env:
INFO:gym_env.env:==================
INFO:gym_env.env:Starting new game.
INFO:gym_env.env:==================
INFO:gym_env.env:Player hand: ['TS', '7S'], Dealer Show Card: 4S, Dealer Hand: ['4S', 'KS']
INFO:gym_env.env:Player: Action.STAY - Player hand: ['TS', '7S']
INFO:gym_env.env:Dealer Show Card: 4S
INFO:gym_env.env:Dealer Hand: ['4S', 'KS', 'JS']
INFO:gym_env.env:Game over.
INFO:gym_env.env:Player sum: 17, Dealer sum: 24
INFO:gym_env.env:Player received reward 1
INFO:gym_env.env:
INFO:gym_env.env:==================
INFO:gym_env.env:Starting new game.
INFO:gym_env.env:==================
INFO:gym_env.env:Player hand: ['AD', '6D'], Dealer Show Card: 9D, Dealer Hand: ['9D', '5C']
INFO:gym_env.env:Player: Action.STAY - Player hand: ['AD', '6D']
INFO:gym_env.env:Dealer Show Card: 9D
INFO:gym_env.env:Dealer Hand: ['9D', '5C', '5D']
INFO:gym_env.env:Game over.
INFO:gym_env.env:Player sum: 17, Dealer sum: 19
INFO:gym_env.env:Player received reward -1
INFO:gym_env.env:
INFO:gym_env.env:==================
INFO:gym_env.env:Starting new game.
INFO:gym_env.env:==================
INFO:gym_env.env:Player hand: ['8D', '4C'], Dealer Show Card: TS, Dealer Hand: ['TS', 'QD']
INFO:gym_env.env:Player: Action.STAY - Player hand: ['8D', '4C']
INFO:gym_env.env:Dealer Show Card: TS
INFO:gym_env.env:Dealer Hand: ['TS', 'QD']
INFO:gym_env.env:Game over.
INFO:gym_env.env:Player sum: 12, Dealer sum: 20
INFO:gym_env.env:Player received reward -1
INFO:gym_env.env:
INFO:gym_env.env:==================
INFO:gym_env.env:Starting new game.
INFO:gym_env.env:==================
INFO:gym_env.env:Player hand: ['2S', '2D'], Dealer Show Card: 6D, Dealer Hand: ['6D', '3C']
INFO:gym_env.env:Player: Action.HIT - Player hand: ['2S', '2D', '9D']
INFO:gym_env.env:Dealer Show Card: 6D
INFO:gym_env.env:Dealer Hand: ['6D', '3C']
INFO:gym_env.env:Player: Action.STAY - Player hand: ['2S', '2D', '9D']
INFO:gym_env.env:Dealer Show Card: 6D
INFO:gym_env.env:Dealer Hand: ['6D', '3C', '3S', 'KC']
INFO:gym_env.env:Game over.
INFO:gym_env.env:Player sum: 13, Dealer sum: 22
INFO:gym_env.env:Player received reward 1
INFO:gym_env.env:
INFO:gym_env.env:==================
INFO:gym_env.env:Starting new game.
INFO:gym_env.env:==================
INFO:gym_env.env:Player hand: ['7C', '4H'], Dealer Show Card: QS, Dealer Hand: ['QS', 'JS']
INFO:gym_env.env:Player: Action.HIT - Player hand: ['7C', '4H', '9D']
INFO:gym_env.env:Dealer Show Card: QS
INFO:gym_env.env:Dealer Hand: ['QS', 'JS']
INFO:gym_env.env:Player: Action.STAY - Player hand: ['7C', '4H', '9D']
INFO:gym_env.env:Dealer Show Card: QS
INFO:gym_env.env:Dealer Hand: ['QS', 'JS']
INFO:gym_env.env:Game over.
INFO:gym_env.env:Player sum: 20, Dealer sum: 20
INFO:gym_env.env:Player received reward 0
INFO:gym_env.env:
INFO:gym_env.env:==================
INFO:gym_env.env:Starting new game.
INFO:gym_env.env:==================
INFO:gym_env.env:Player hand: ['5D', '7S'], Dealer Show Card: TH, Dealer Hand: ['TH', '7D']
INFO:gym_env.env:Player: Action.STAY - Player hand: ['5D', '7S']
INFO:gym_env.env:Dealer Show Card: TH
INFO:gym_env.env:Dealer Hand: ['TH', '7D']
INFO:gym_env.env:Game over.
INFO:gym_env.env:Player sum: 12, Dealer sum: 17
INFO:gym_env.env:Player received reward -1
INFO:gym_env.env:
INFO:gym_env.env:==================
INFO:gym_env.env:Starting new game.
INFO:gym_env.env:==================
INFO:gym_env.env:Player hand: ['3C', '9H'], Dealer Show Card: AC, Dealer Hand: ['AC', 'KH']
INFO:gym_env.env:Game over.
INFO:gym_env.env:Player sum: 12, Dealer sum: 21
INFO:gym_env.env:Player received reward -1
INFO:gym_env.env:Player: Action.STAY - Player hand: ['3C', '9H']
INFO:gym_env.env:Dealer Show Card: AC
INFO:gym_env.env:Dealer Hand: ['AC', 'KH']
INFO:gym_env.env:Game over.
INFO:gym_env.env:Player sum: 12, Dealer sum: 21
INFO:gym_env.env:Player received reward -1
INFO:gym_env.env:
INFO:gym_env.env:==================
INFO:gym_env.env:Starting new game.
INFO:gym_env.env:==================
INFO:gym_env.env:Player hand: ['KS', 'QS'], Dealer Show Card: 8C, Dealer Hand: ['8C', '6C']
INFO:gym_env.env:Player: Action.STAY - Player hand: ['KS', 'QS']
INFO:gym_env.env:Dealer Show Card: 8C
INFO:gym_env.env:Dealer Hand: ['8C', '6C', '4S']
INFO:gym_env.env:Game over.
INFO:gym_env.env:Player sum: 20, Dealer sum: 18
INFO:gym_env.env:Player received reward 1
INFO:gym_env.env:
INFO:gym_env.env:==================
INFO:gym_env.env:Starting new game.
INFO:gym_env.env:==================
INFO:gym_env.env:Player hand: ['AD', '4S'], Dealer Show Card: 4H, Dealer Hand: ['4H', '8H']
INFO:gym_env.env:Player: Action.STAY - Player hand: ['AD', '4S']
INFO:gym_env.env:Dealer Show Card: 4H
INFO:gym_env.env:Dealer Hand: ['4H', '8H', '2C', 'KS']
INFO:gym_env.env:Game over.
INFO:gym_env.env:Player sum: 15, Dealer sum: 24
INFO:gym_env.env:Player received reward 1
INFO:gym_env.env:
INFO:gym_env.env:==================
INFO:gym_env.env:Starting new game.
INFO:gym_env.env:==================
INFO:gym_env.env:Player hand: ['TS', '6D'], Dealer Show Card: JD, Dealer Hand: ['JD', '2D']
INFO:gym_env.env:Player: Action.STAY - Player hand: ['TS', '6D']
INFO:gym_env.env:Dealer Show Card: JD
INFO:gym_env.env:Dealer Hand: ['JD', '2D', 'TC']
INFO:gym_env.env:Game over.
INFO:gym_env.env:Player sum: 16, Dealer sum: 22
INFO:gym_env.env:Player received reward 1
INFO:gym_env.env:
INFO:gym_env.env:==================
INFO:gym_env.env:Starting new game.
INFO:gym_env.env:==================
INFO:gym_env.env:Player hand: ['AC', 'QC'], Dealer Show Card: 7C, Dealer Hand: ['7C', 'TC']
INFO:gym_env.env:Game over.
INFO:gym_env.env:Player sum: 21, Dealer sum: 17
INFO:gym_env.env:Player received reward 1.5
INFO:gym_env.env:Player: Action.STAY - Player hand: ['AC', 'QC']
INFO:gym_env.env:Dealer Show Card: 7C
INFO:gym_env.env:Dealer Hand: ['7C', 'TC']
INFO:gym_env.env:Game over.
INFO:gym_env.env:Player sum: 21, Dealer sum: 17
INFO:gym_env.env:Player received reward 1.5
INFO:gym_env.env:
INFO:gym_env.env:==================
INFO:gym_env.env:Starting new game.
INFO:gym_env.env:==================
INFO:gym_env.env:Player hand: ['4C', '9C'], Dealer Show Card: AH, Dealer Hand: ['AH', 'KH']
INFO:gym_env.env:Game over.
INFO:gym_env.env:Player sum: 13, Dealer sum: 21
INFO:gym_env.env:Player received reward -1
INFO:gym_env.env:Player: Action.STAY - Player hand: ['4C', '9C']
INFO:gym_env.env:Dealer Show Card: AH
INFO:gym_env.env:Dealer Hand: ['AH', 'KH']
INFO:gym_env.env:Game over.
INFO:gym_env.env:Player sum: 13, Dealer sum: 21
INFO:gym_env.env:Player received reward -1
INFO:gym_env.env:
INFO:gym_env.env:==================
INFO:gym_env.env:Starting new game.
INFO:gym_env.env:==================
INFO:gym_env.env:Player hand: ['TC', 'KH'], Dealer Show Card: 7S, Dealer Hand: ['7S', '2H']
INFO:gym_env.env:Player: Action.STAY - Player hand: ['TC', 'KH']
INFO:gym_env.env:Dealer Show Card: 7S
INFO:gym_env.env:Dealer Hand: ['7S', '2H', '3D', '9D']
INFO:gym_env.env:Game over.
INFO:gym_env.env:Player sum: 20, Dealer sum: 21
INFO:gym_env.env:Player received reward -1
INFO:gym_env.env:
INFO:gym_env.env:==================
INFO:gym_env.env:Starting new game.
INFO:gym_env.env:==================
INFO:gym_env.env:Player hand: ['AC', '8D'], Dealer Show Card: KC, Dealer Hand: ['KC', '8C']
INFO:gym_env.env:Player: Action.STAY - Player hand: ['AC', '8D']
INFO:gym_env.env:Dealer Show Card: KC
INFO:gym_env.env:Dealer Hand: ['KC', '8C']
INFO:gym_env.env:Game over.
INFO:gym_env.env:Player sum: 19, Dealer sum: 18
INFO:gym_env.env:Player received reward 1
INFO:gym_env.env:
INFO:gym_env.env:==================
INFO:gym_env.env:Starting new game.
INFO:gym_env.env:==================
INFO:gym_env.env:Player hand: ['KC', '8D'], Dealer Show Card: QC, Dealer Hand: ['QC', '6S']
INFO:gym_env.env:Player: Action.STAY - Player hand: ['KC', '8D']
INFO:gym_env.env:Dealer Show Card: QC
INFO:gym_env.env:Dealer Hand: ['QC', '6S', '4H']
INFO:gym_env.env:Game over.
INFO:gym_env.env:Player sum: 18, Dealer sum: 20
INFO:gym_env.env:Player received reward -1
INFO:gym_env.env:
INFO:gym_env.env:==================
INFO:gym_env.env:Starting new game.
INFO:gym_env.env:==================
INFO:gym_env.env:Player hand: ['TC', 'KC'], Dealer Show Card: 3D, Dealer Hand: ['3D', 'JH']
INFO:gym_env.env:Player: Action.STAY - Player hand: ['TC', 'KC']
INFO:gym_env.env:Dealer Show Card: 3D
INFO:gym_env.env:Dealer Hand: ['3D', 'JH', '5H']
INFO:gym_env.env:Game over.
INFO:gym_env.env:Player sum: 20, Dealer sum: 18
INFO:gym_env.env:Player received reward 1
INFO:gym_env.env:
INFO:gym_env.env:==================
INFO:gym_env.env:Starting new game.
INFO:gym_env.env:==================
INFO:gym_env.env:Player hand: ['6H', '7D'], Dealer Show Card: 8H, Dealer Hand: ['8H', '4C']
INFO:gym_env.env:Player: Action.STAY - Player hand: ['6H', '7D']
INFO:gym_env.env:Dealer Show Card: 8H
INFO:gym_env.env:Dealer Hand: ['8H', '4C', 'TH']
INFO:gym_env.env:Game over.
INFO:gym_env.env:Player sum: 13, Dealer sum: 22
INFO:gym_env.env:Player received reward 1
INFO:gym_env.env:
INFO:gym_env.env:==================
INFO:gym_env.env:Starting new game.
INFO:gym_env.env:==================
INFO:gym_env.env:Player hand: ['TS', '6D'], Dealer Show Card: KS, Dealer Hand: ['KS', '9C']
INFO:gym_env.env:Player: Action.STAY - Player hand: ['TS', '6D']
INFO:gym_env.env:Dealer Show Card: KS
INFO:gym_env.env:Dealer Hand: ['KS', '9C']
INFO:gym_env.env:Game over.
INFO:gym_env.env:Player sum: 16, Dealer sum: 19
INFO:gym_env.env:Player received reward -1
INFO:gym_env.env:
INFO:gym_env.env:==================
INFO:gym_env.env:Starting new game.
INFO:gym_env.env:==================
INFO:gym_env.env:Player hand: ['7S', 'TD'], Dealer Show Card: KS, Dealer Hand: ['KS', 'JD']
INFO:gym_env.env:Player: Action.STAY - Player hand: ['7S', 'TD']
INFO:gym_env.env:Dealer Show Card: KS
INFO:gym_env.env:Dealer Hand: ['KS', 'JD']
INFO:gym_env.env:Game over.
INFO:gym_env.env:Player sum: 17, Dealer sum: 20
INFO:gym_env.env:Player received reward -1
INFO:gym_env.env:
INFO:gym_env.env:==================
INFO:gym_env.env:Starting new game.
INFO:gym_env.env:==================
INFO:gym_env.env:Player hand: ['5S', '3C'], Dealer Show Card: 7S, Dealer Hand: ['7S', '6H']
INFO:gym_env.env:Player: Action.HIT - Player hand: ['5S', '3C', '5D']
INFO:gym_env.env:Dealer Show Card: 7S
INFO:gym_env.env:Dealer Hand: ['7S', '6H']
INFO:gym_env.env:Player: Action.STAY - Player hand: ['5S', '3C', '5D']
INFO:gym_env.env:Dealer Show Card: 7S
INFO:gym_env.env:Dealer Hand: ['7S', '6H', '3S', '8S']
INFO:gym_env.env:Game over.
INFO:gym_env.env:Player sum: 13, Dealer sum: 24
INFO:gym_env.env:Player received reward 1
INFO:gym_env.env:
INFO:gym_env.env:==================
INFO:gym_env.env:Starting new game.
INFO:gym_env.env:==================
INFO:gym_env.env:Player hand: ['KS', 'AS'], Dealer Show Card: TC, Dealer Hand: ['TC', 'AD']
INFO:gym_env.env:Game over.
INFO:gym_env.env:Player sum: 21, Dealer sum: 21
INFO:gym_env.env:Player received reward 1.5
INFO:gym_env.env:Player: Action.STAY - Player hand: ['KS', 'AS']
INFO:gym_env.env:Dealer Show Card: TC
INFO:gym_env.env:Dealer Hand: ['TC', 'AD']
INFO:gym_env.env:Game over.
INFO:gym_env.env:Player sum: 21, Dealer sum: 21
INFO:gym_env.env:Player received reward 1.5
INFO:gym_env.env:
INFO:gym_env.env:==================
INFO:gym_env.env:Starting new game.
INFO:gym_env.env:==================
INFO:gym_env.env:Player hand: ['4D', '9S'], Dealer Show Card: KD, Dealer Hand: ['KD', '6C']
INFO:gym_env.env:Player: Action.STAY - Player hand: ['4D', '9S']
INFO:gym_env.env:Dealer Show Card: KD
INFO:gym_env.env:Dealer Hand: ['KD', '6C', '5S']
INFO:gym_env.env:Game over.
INFO:gym_env.env:Player sum: 13, Dealer sum: 21
INFO:gym_env.env:Player received reward -1
INFO:gym_env.env:
INFO:gym_env.env:==================
INFO:gym_env.env:Starting new game.
INFO:gym_env.env:==================
INFO:gym_env.env:Player hand: ['7H', '4S'], Dealer Show Card: 6H, Dealer Hand: ['6H', 'JC']
INFO:gym_env.env:Player: Action.HIT - Player hand: ['7H', '4S', '3C']
INFO:gym_env.env:Dealer Show Card: 6H
INFO:gym_env.env:Dealer Hand: ['6H', 'JC']
INFO:gym_env.env:Player: Action.STAY - Player hand: ['7H', '4S', '3C']
INFO:gym_env.env:Dealer Show Card: 6H
INFO:gym_env.env:Dealer Hand: ['6H', 'JC', 'TC']
INFO:gym_env.env:Game over.
INFO:gym_env.env:Player sum: 14, Dealer sum: 26
INFO:gym_env.env:Player received reward 1
INFO:gym_env.env:
INFO:gym_env.env:==================
INFO:gym_env.env:Starting new game.
INFO:gym_env.env:==================
INFO:gym_env.env:Player hand: ['AH', 'TD'], Dealer Show Card: JD, Dealer Hand: ['JD', 'KH']
INFO:gym_env.env:Game over.
INFO:gym_env.env:Player sum: 21, Dealer sum: 20
INFO:gym_env.env:Player received reward 1.5
INFO:gym_env.env:Player: Action.STAY - Player hand: ['AH', 'TD']
INFO:gym_env.env:Dealer Show Card: JD
INFO:gym_env.env:Dealer Hand: ['JD', 'KH']
INFO:gym_env.env:Game over.
INFO:gym_env.env:Player sum: 21, Dealer sum: 20
INFO:gym_env.env:Player received reward 1.5
INFO:gym_env.env:
INFO:gym_env.env:==================
INFO:gym_env.env:Starting new game.
INFO:gym_env.env:==================
INFO:gym_env.env:Player hand: ['7H', 'TD'], Dealer Show Card: AH, Dealer Hand: ['AH', '7S']
INFO:gym_env.env:Player: Action.STAY - Player hand: ['7H', 'TD']
INFO:gym_env.env:Dealer Show Card: AH
INFO:gym_env.env:Dealer Hand: ['AH', '7S']
INFO:gym_env.env:Game over.
INFO:gym_env.env:Player sum: 17, Dealer sum: 18
INFO:gym_env.env:Player received reward -1
INFO:gym_env.env:
INFO:gym_env.env:==================
INFO:gym_env.env:Starting new game.
INFO:gym_env.env:==================
INFO:gym_env.env:Player hand: ['4D', '6H'], Dealer Show Card: 5C, Dealer Hand: ['5C', 'QC']
INFO:gym_env.env:Player: Action.HIT - Player hand: ['4D', '6H', '7S']
INFO:gym_env.env:Dealer Show Card: 5C
INFO:gym_env.env:Dealer Hand: ['5C', 'QC']
INFO:gym_env.env:Player: Action.STAY - Player hand: ['4D', '6H', '7S']
INFO:gym_env.env:Dealer Show Card: 5C
INFO:gym_env.env:Dealer Hand: ['5C', 'QC', '6C']
INFO:gym_env.env:Game over.
INFO:gym_env.env:Player sum: 17, Dealer sum: 21
INFO:gym_env.env:Player received reward -1
INFO:gym_env.env:
INFO:gym_env.env:==================
INFO:gym_env.env:Starting new game.
INFO:gym_env.env:==================
INFO:gym_env.env:Player hand: ['7H', '8S'], Dealer Show Card: JC, Dealer Hand: ['JC', '7D']
INFO:gym_env.env:Player: Action.STAY - Player hand: ['7H', '8S']
INFO:gym_env.env:Dealer Show Card: JC
INFO:gym_env.env:Dealer Hand: ['JC', '7D']
INFO:gym_env.env:Game over.
INFO:gym_env.env:Player sum: 15, Dealer sum: 17
INFO:gym_env.env:Player received reward -1
INFO:gym_env.env:
INFO:gym_env.env:==================
INFO:gym_env.env:Starting new game.
INFO:gym_env.env:==================
INFO:gym_env.env:Player hand: ['5C', 'JS'], Dealer Show Card: 3D, Dealer Hand: ['3D', '4H']
INFO:gym_env.env:Player: Action.STAY - Player hand: ['5C', 'JS']
INFO:gym_env.env:Dealer Show Card: 3D
INFO:gym_env.env:Dealer Hand: ['3D', '4H', '6S', '4C']
INFO:gym_env.env:Game over.
INFO:gym_env.env:Player sum: 15, Dealer sum: 17
INFO:gym_env.env:Player received reward -1
INFO:gym_env.env:
INFO:gym_env.env:==================
INFO:gym_env.env:Starting new game.
INFO:gym_env.env:==================
INFO:gym_env.env:Player hand: ['5H', '9D'], Dealer Show Card: 2S, Dealer Hand: ['2S', '8S']
INFO:gym_env.env:Player: Action.STAY - Player hand: ['5H', '9D']
INFO:gym_env.env:Dealer Show Card: 2S
INFO:gym_env.env:Dealer Hand: ['2S', '8S', 'JC']
INFO:gym_env.env:Game over.
INFO:gym_env.env:Player sum: 14, Dealer sum: 20
INFO:gym_env.env:Player received reward -1
INFO:gym_env.env:
INFO:gym_env.env:==================
INFO:gym_env.env:Starting new game.
INFO:gym_env.env:==================
INFO:gym_env.env:Player hand: ['5C', 'QD'], Dealer Show Card: QC, Dealer Hand: ['QC', '9D']
INFO:gym_env.env:Player: Action.STAY - Player hand: ['5C', 'QD']
INFO:gym_env.env:Dealer Show Card: QC
INFO:gym_env.env:Dealer Hand: ['QC', '9D']
INFO:gym_env.env:Game over.
INFO:gym_env.env:Player sum: 15, Dealer sum: 19
INFO:gym_env.env:Player received reward -1
INFO:gym_env.env:
INFO:gym_env.env:==================
INFO:gym_env.env:Starting new game.
INFO:gym_env.env:==================
INFO:gym_env.env:Player hand: ['3S', 'TC'], Dealer Show Card: 3C, Dealer Hand: ['3C', 'JS']
INFO:gym_env.env:Player: Action.STAY - Player hand: ['3S', 'TC']
INFO:gym_env.env:Dealer Show Card: 3C
INFO:gym_env.env:Dealer Hand: ['3C', 'JS', '4H']
INFO:gym_env.env:Game over.
INFO:gym_env.env:Player sum: 13, Dealer sum: 17
INFO:gym_env.env:Player received reward -1
INFO:gym_env.env:
INFO:gym_env.env:==================
INFO:gym_env.env:Starting new game.
INFO:gym_env.env:==================
INFO:gym_env.env:Player hand: ['JH', 'QH'], Dealer Show Card: 4H, Dealer Hand: ['4H', '7H']
INFO:gym_env.env:Player: Action.STAY - Player hand: ['JH', 'QH']
INFO:gym_env.env:Dealer Show Card: 4H
INFO:gym_env.env:Dealer Hand: ['4H', '7H', '6H']
INFO:gym_env.env:Game over.
INFO:gym_env.env:Player sum: 20, Dealer sum: 17
INFO:gym_env.env:Player received reward 1
INFO:gym_env.env:
INFO:gym_env.env:==================
INFO:gym_env.env:Starting new game.
INFO:gym_env.env:==================
INFO:gym_env.env:Player hand: ['KC', '3C'], Dealer Show Card: 7C, Dealer Hand: ['7C', '6H']
INFO:gym_env.env:Player: Action.STAY - Player hand: ['KC', '3C']
INFO:gym_env.env:Dealer Show Card: 7C
INFO:gym_env.env:Dealer Hand: ['7C', '6H', 'JS']
INFO:gym_env.env:Game over.
INFO:gym_env.env:Player sum: 13, Dealer sum: 23
INFO:gym_env.env:Player received reward 1
INFO:gym_env.env:
INFO:gym_env.env:==================
INFO:gym_env.env:Starting new game.
INFO:gym_env.env:==================
INFO:gym_env.env:Player hand: ['4H', '9C'], Dealer Show Card: 8C, Dealer Hand: ['8C', '7H']
INFO:gym_env.env:Player: Action.STAY - Player hand: ['4H', '9C']
INFO:gym_env.env:Dealer Show Card: 8C
INFO:gym_env.env:Dealer Hand: ['8C', '7H', '8H']
INFO:gym_env.env:Game over.
INFO:gym_env.env:Player sum: 13, Dealer sum: 23
INFO:gym_env.env:Player received reward 1
INFO:gym_env.env:
INFO:gym_env.env:==================
INFO:gym_env.env:Starting new game.
INFO:gym_env.env:==================
INFO:gym_env.env:Player hand: ['3H', '9D'], Dealer Show Card: TH, Dealer Hand: ['TH', '7S']
INFO:gym_env.env:Player: Action.STAY - Player hand: ['3H', '9D']
INFO:gym_env.env:Dealer Show Card: TH
INFO:gym_env.env:Dealer Hand: ['TH', '7S']
INFO:gym_env.env:Game over.
INFO:gym_env.env:Player sum: 12, Dealer sum: 17
INFO:gym_env.env:Player received reward -1
INFO:gym_env.env:
INFO:gym_env.env:==================
INFO:gym_env.env:Starting new game.
INFO:gym_env.env:==================
INFO:gym_env.env:Player hand: ['AD', '3D'], Dealer Show Card: 3S, Dealer Hand: ['3S', '4S']
INFO:gym_env.env:Player: Action.STAY - Player hand: ['AD', '3D']
INFO:gym_env.env:Dealer Show Card: 3S
INFO:gym_env.env:Dealer Hand: ['3S', '4S', 'AS']
INFO:gym_env.env:Game over.
INFO:gym_env.env:Player sum: 14, Dealer sum: 18
INFO:gym_env.env:Player received reward -1
INFO:gym_env.env:
INFO:gym_env.env:==================
INFO:gym_env.env:Starting new game.
INFO:gym_env.env:==================
INFO:gym_env.env:Player hand: ['TC', 'JS'], Dealer Show Card: 6D, Dealer Hand: ['6D', 'QS']
INFO:gym_env.env:Player: Action.STAY - Player hand: ['TC', 'JS']
INFO:gym_env.env:Dealer Show Card: 6D
INFO:gym_env.env:Dealer Hand: ['6D', 'QS', '4H']
INFO:gym_env.env:Game over.
INFO:gym_env.env:Player sum: 20, Dealer sum: 20
INFO:gym_env.env:Player received reward 0
INFO:gym_env.env:
INFO:gym_env.env:==================
INFO:gym_env.env:Starting new game.
INFO:gym_env.env:==================
INFO:gym_env.env:Player hand: ['KD', 'AC'], Dealer Show Card: TD, Dealer Hand: ['TD', '6D']
INFO:gym_env.env:Game over.
INFO:gym_env.env:Player sum: 21, Dealer sum: 16
INFO:gym_env.env:Player received reward 1.5
INFO:gym_env.env:Player: Action.STAY - Player hand: ['KD', 'AC']
INFO:gym_env.env:Dealer Show Card: TD
INFO:gym_env.env:Dealer Hand: ['TD', '6D']
INFO:gym_env.env:Game over.
INFO:gym_env.env:Player sum: 21, Dealer sum: 16
INFO:gym_env.env:Player received reward 1.5
INFO:gym_env.env:
INFO:gym_env.env:==================
INFO:gym_env.env:Starting new game.
INFO:gym_env.env:==================
INFO:gym_env.env:Player hand: ['AH', '3H'], Dealer Show Card: QD, Dealer Hand: ['QD', 'TS']
INFO:gym_env.env:Player: Action.STAY - Player hand: ['AH', '3H']
INFO:gym_env.env:Dealer Show Card: QD
INFO:gym_env.env:Dealer Hand: ['QD', 'TS']
INFO:gym_env.env:Game over.
INFO:gym_env.env:Player sum: 14, Dealer sum: 20
INFO:gym_env.env:Player received reward -1
INFO:gym_env.env:
INFO:gym_env.env:==================
INFO:gym_env.env:Starting new game.
INFO:gym_env.env:==================
INFO:gym_env.env:Player hand: ['5D', '5C'], Dealer Show Card: 9D, Dealer Hand: ['9D', 'KC']
INFO:gym_env.env:Player: Action.HIT - Player hand: ['5D', '5C', '6H']
INFO:gym_env.env:Dealer Show Card: 9D
INFO:gym_env.env:Dealer Hand: ['9D', 'KC']
INFO:gym_env.env:Player: Action.STAY - Player hand: ['5D', '5C', '6H']
INFO:gym_env.env:Dealer Show Card: 9D
INFO:gym_env.env:Dealer Hand: ['9D', 'KC']
INFO:gym_env.env:Game over.
INFO:gym_env.env:Player sum: 16, Dealer sum: 19
INFO:gym_env.env:Player received reward -1
INFO:gym_env.env:
INFO:gym_env.env:==================
INFO:gym_env.env:Starting new game.
INFO:gym_env.env:==================
INFO:gym_env.env:Player hand: ['6C', 'JH'], Dealer Show Card: AH, Dealer Hand: ['AH', 'TD']
INFO:gym_env.env:Game over.
INFO:gym_env.env:Player sum: 16, Dealer sum: 21
INFO:gym_env.env:Player received reward -1
INFO:gym_env.env:Player: Action.STAY - Player hand: ['6C', 'JH']
INFO:gym_env.env:Dealer Show Card: AH
INFO:gym_env.env:Dealer Hand: ['AH', 'TD']
INFO:gym_env.env:Game over.
INFO:gym_env.env:Player sum: 16, Dealer sum: 21
INFO:gym_env.env:Player received reward -1
INFO:gym_env.env:
INFO:gym_env.env:==================
INFO:gym_env.env:Starting new game.
INFO:gym_env.env:==================
INFO:gym_env.env:Player hand: ['5D', '2H'], Dealer Show Card: 9S, Dealer Hand: ['9S', '4H']
INFO:gym_env.env:Player: Action.HIT - Player hand: ['5D', '2H', 'KD']
INFO:gym_env.env:Dealer Show Card: 9S
INFO:gym_env.env:Dealer Hand: ['9S', '4H']
INFO:gym_env.env:Player: Action.STAY - Player hand: ['5D', '2H', 'KD']
INFO:gym_env.env:Dealer Show Card: 9S
INFO:gym_env.env:Dealer Hand: ['9S', '4H', '2D', '2C']
INFO:gym_env.env:Game over.
INFO:gym_env.env:Player sum: 17, Dealer sum: 17
INFO:gym_env.env:Player received reward 0
INFO:gym_env.env:
INFO:gym_env.env:==================
INFO:gym_env.env:Starting new game.
INFO:gym_env.env:==================
INFO:gym_env.env:Player hand: ['5C', '9H'], Dealer Show Card: 3S, Dealer Hand: ['3S', '9C']
INFO:gym_env.env:Player: Action.STAY - Player hand: ['5C', '9H']
INFO:gym_env.env:Dealer Show Card: 3S
INFO:gym_env.env:Dealer Hand: ['3S', '9C', '4D', '5D']
INFO:gym_env.env:Game over.
INFO:gym_env.env:Player sum: 14, Dealer sum: 21
INFO:gym_env.env:Player received reward -1
INFO:gym_env.env:
INFO:gym_env.env:==================
INFO:gym_env.env:Starting new game.
INFO:gym_env.env:==================
INFO:gym_env.env:Player hand: ['JS', '3S'], Dealer Show Card: 4C, Dealer Hand: ['4C', 'KS']
INFO:gym_env.env:Player: Action.STAY - Player hand: ['JS', '3S']
INFO:gym_env.env:Dealer Show Card: 4C
INFO:gym_env.env:Dealer Hand: ['4C', 'KS', 'TH']
INFO:gym_env.env:Game over.
INFO:gym_env.env:Player sum: 13, Dealer sum: 24
INFO:gym_env.env:Player received reward 1
INFO:gym_env.env:
INFO:gym_env.env:==================
INFO:gym_env.env:Starting new game.
INFO:gym_env.env:==================
INFO:gym_env.env:Player hand: ['TC', '8S'], Dealer Show Card: AC, Dealer Hand: ['AC', 'TS']
INFO:gym_env.env:Game over.
INFO:gym_env.env:Player sum: 18, Dealer sum: 21
INFO:gym_env.env:Player received reward -1
INFO:gym_env.env:Player: Action.STAY - Player hand: ['TC', '8S']
INFO:gym_env.env:Dealer Show Card: AC
INFO:gym_env.env:Dealer Hand: ['AC', 'TS']
INFO:gym_env.env:Game over.
INFO:gym_env.env:Player sum: 18, Dealer sum: 21
INFO:gym_env.env:Player received reward -1
INFO:gym_env.env:
INFO:gym_env.env:==================
INFO:gym_env.env:Starting new game.
INFO:gym_env.env:==================
INFO:gym_env.env:Player hand: ['7H', '7S'], Dealer Show Card: 7C, Dealer Hand: ['7C', '5C']
INFO:gym_env.env:Player: Action.STAY - Player hand: ['7H', '7S']
INFO:gym_env.env:Dealer Show Card: 7C
INFO:gym_env.env:Dealer Hand: ['7C', '5C', 'QD']
INFO:gym_env.env:Game over.
INFO:gym_env.env:Player sum: 14, Dealer sum: 22
INFO:gym_env.env:Player received reward 1
INFO:gym_env.env:
INFO:gym_env.env:==================
INFO:gym_env.env:Starting new game.
INFO:gym_env.env:==================
INFO:gym_env.env:Player hand: ['4C', 'TS'], Dealer Show Card: 8S, Dealer Hand: ['8S', '6S']
INFO:gym_env.env:Player: Action.STAY - Player hand: ['4C', 'TS']
INFO:gym_env.env:Dealer Show Card: 8S
INFO:gym_env.env:Dealer Hand: ['8S', '6S', '7H']
INFO:gym_env.env:Game over.
INFO:gym_env.env:Player sum: 14, Dealer sum: 21
INFO:gym_env.env:Player received reward -1
INFO:gym_env.env:
INFO:gym_env.env:==================
INFO:gym_env.env:Starting new game.
INFO:gym_env.env:==================
INFO:gym_env.env:Player hand: ['6C', '6D'], Dealer Show Card: 7H, Dealer Hand: ['7H', 'QC']
INFO:gym_env.env:Player: Action.STAY - Player hand: ['6C', '6D']
INFO:gym_env.env:Dealer Show Card: 7H
INFO:gym_env.env:Dealer Hand: ['7H', 'QC']
INFO:gym_env.env:Game over.
INFO:gym_env.env:Player sum: 12, Dealer sum: 17
INFO:gym_env.env:Player received reward -1
INFO:gym_env.env:
INFO:gym_env.env:==================
INFO:gym_env.env:Starting new game.
INFO:gym_env.env:==================
INFO:gym_env.env:Player hand: ['2S', '5S'], Dealer Show Card: 6H, Dealer Hand: ['6H', '4C']
INFO:gym_env.env:Player: Action.HIT - Player hand: ['2S', '5S', '4D']
INFO:gym_env.env:Dealer Show Card: 6H
INFO:gym_env.env:Dealer Hand: ['6H', '4C']
INFO:gym_env.env:Player: Action.HIT - Player hand: ['2S', '5S', '4D', 'AH']
INFO:gym_env.env:Dealer Show Card: 6H
INFO:gym_env.env:Dealer Hand: ['6H', '4C']
INFO:gym_env.env:Player: Action.STAY - Player hand: ['2S', '5S', '4D', 'AH']
INFO:gym_env.env:Dealer Show Card: 6H
INFO:gym_env.env:Dealer Hand: ['6H', '4C', '4H', '2D', '7S']
INFO:gym_env.env:Game over.
INFO:gym_env.env:Player sum: 12, Dealer sum: 23
INFO:gym_env.env:Player received reward 1
INFO:gym_env.env:
INFO:gym_env.env:==================
INFO:gym_env.env:Starting new game.
INFO:gym_env.env:==================
INFO:gym_env.env:Player hand: ['KD', 'KS'], Dealer Show Card: 2D, Dealer Hand: ['2D', '4C']
INFO:gym_env.env:Player: Action.STAY - Player hand: ['KD', 'KS']
INFO:gym_env.env:Dealer Show Card: 2D
INFO:gym_env.env:Dealer Hand: ['2D', '4C', '5S', 'KH']
INFO:gym_env.env:Game over.
INFO:gym_env.env:Player sum: 20, Dealer sum: 21
INFO:gym_env.env:Player received reward -1
INFO:gym_env.env:
INFO:gym_env.env:==================
INFO:gym_env.env:Starting new game.
INFO:gym_env.env:==================
INFO:gym_env.env:Player hand: ['4C', '2D'], Dealer Show Card: 3S, Dealer Hand: ['3S', '9D']
INFO:gym_env.env:Player: Action.HIT - Player hand: ['4C', '2D', '5S']
INFO:gym_env.env:Dealer Show Card: 3S
INFO:gym_env.env:Dealer Hand: ['3S', '9D']
INFO:gym_env.env:Player: Action.HIT - Player hand: ['4C', '2D', '5S', '4S']
INFO:gym_env.env:Dealer Show Card: 3S
INFO:gym_env.env:Dealer Hand: ['3S', '9D']
INFO:gym_env.env:Player: Action.STAY - Player hand: ['4C', '2D', '5S', '4S']
INFO:gym_env.env:Dealer Show Card: 3S
INFO:gym_env.env:Dealer Hand: ['3S', '9D', '7D']
INFO:gym_env.env:Game over.
INFO:gym_env.env:Player sum: 15, Dealer sum: 19
INFO:gym_env.env:Player received reward -1
INFO:gym_env.env:
INFO:gym_env.env:==================
INFO:gym_env.env:Starting new game.
INFO:gym_env.env:==================
INFO:gym_env.env:Player hand: ['6H', 'TH'], Dealer Show Card: 6C, Dealer Hand: ['6C', '2D']
INFO:gym_env.env:Player: Action.STAY - Player hand: ['6H', 'TH']
INFO:gym_env.env:Dealer Show Card: 6C
INFO:gym_env.env:Dealer Hand: ['6C', '2D', '7S', '2S']
INFO:gym_env.env:Game over.
INFO:gym_env.env:Player sum: 16, Dealer sum: 17
INFO:gym_env.env:Player received reward -1
INFO:gym_env.env:
INFO:gym_env.env:==================
INFO:gym_env.env:Starting new game.
INFO:gym_env.env:==================
INFO:gym_env.env:Player hand: ['TD', '2C'], Dealer Show Card: 3S, Dealer Hand: ['3S', 'QH']
INFO:gym_env.env:Player: Action.STAY - Player hand: ['TD', '2C']
INFO:gym_env.env:Dealer Show Card: 3S
INFO:gym_env.env:Dealer Hand: ['3S', 'QH', '4S']
INFO:gym_env.env:Game over.
INFO:gym_env.env:Player sum: 12, Dealer sum: 17
INFO:gym_env.env:Player received reward -1
INFO:gym_env.env:
INFO:gym_env.env:==================
INFO:gym_env.env:Starting new game.
INFO:gym_env.env:==================
INFO:gym_env.env:Player hand: ['QC', 'AC'], Dealer Show Card: KS, Dealer Hand: ['KS', '4D']
INFO:gym_env.env:Game over.
INFO:gym_env.env:Player sum: 21, Dealer sum: 14
INFO:gym_env.env:Player received reward 1.5
INFO:gym_env.env:Player: Action.STAY - Player hand: ['QC', 'AC']
INFO:gym_env.env:Dealer Show Card: KS
INFO:gym_env.env:Dealer Hand: ['KS', '4D']
INFO:gym_env.env:Game over.
INFO:gym_env.env:Player sum: 21, Dealer sum: 14
INFO:gym_env.env:Player received reward 1.5
INFO:gym_env.env:
INFO:gym_env.env:==================
INFO:gym_env.env:Starting new game.
INFO:gym_env.env:==================
INFO:gym_env.env:Player hand: ['4H', '8H'], Dealer Show Card: 6S, Dealer Hand: ['6S', '8D']
INFO:gym_env.env:Player: Action.STAY - Player hand: ['4H', '8H']
INFO:gym_env.env:Dealer Show Card: 6S
INFO:gym_env.env:Dealer Hand: ['6S', '8D', 'TC']
INFO:gym_env.env:Game over.
INFO:gym_env.env:Player sum: 12, Dealer sum: 24
INFO:gym_env.env:Player received reward 1
INFO:gym_env.env:
INFO:gym_env.env:==================
INFO:gym_env.env:Starting new game.
INFO:gym_env.env:==================
INFO:gym_env.env:Player hand: ['QD', 'TS'], Dealer Show Card: TH, Dealer Hand: ['TH', '4S']
INFO:gym_env.env:Player: Action.STAY - Player hand: ['QD', 'TS']
INFO:gym_env.env:Dealer Show Card: TH
INFO:gym_env.env:Dealer Hand: ['TH', '4S', 'KH']
INFO:gym_env.env:Game over.
INFO:gym_env.env:Player sum: 20, Dealer sum: 24
INFO:gym_env.env:Player received reward 1
INFO:gym_env.env:
INFO:gym_env.env:==================
INFO:gym_env.env:Starting new game.
INFO:gym_env.env:==================
INFO:gym_env.env:Player hand: ['9S', '4C'], Dealer Show Card: 8S, Dealer Hand: ['8S', '8D']
INFO:gym_env.env:Player: Action.STAY - Player hand: ['9S', '4C']
INFO:gym_env.env:Dealer Show Card: 8S
INFO:gym_env.env:Dealer Hand: ['8S', '8D', '5D']
INFO:gym_env.env:Game over.
INFO:gym_env.env:Player sum: 13, Dealer sum: 21
INFO:gym_env.env:Player received reward -1
INFO:gym_env.env:
INFO:gym_env.env:==================
INFO:gym_env.env:Starting new game.
INFO:gym_env.env:==================
INFO:gym_env.env:Player hand: ['7S', '9H'], Dealer Show Card: 5H, Dealer Hand: ['5H', 'TS']
INFO:gym_env.env:Player: Action.STAY - Player hand: ['7S', '9H']
INFO:gym_env.env:Dealer Show Card: 5H
INFO:gym_env.env:Dealer Hand: ['5H', 'TS', 'JC']
INFO:gym_env.env:Game over.
INFO:gym_env.env:Player sum: 16, Dealer sum: 25
INFO:gym_env.env:Player received reward 1
INFO:gym_env.env:
INFO:gym_env.env:==================
INFO:gym_env.env:Starting new game.
INFO:gym_env.env:==================
INFO:gym_env.env:Player hand: ['TD', 'KC'], Dealer Show Card: 8D, Dealer Hand: ['8D', 'QD']
INFO:gym_env.env:Player: Action.STAY - Player hand: ['TD', 'KC']
INFO:gym_env.env:Dealer Show Card: 8D
INFO:gym_env.env:Dealer Hand: ['8D', 'QD']
INFO:gym_env.env:Game over.
INFO:gym_env.env:Player sum: 20, Dealer sum: 18
INFO:gym_env.env:Player received reward 1
INFO:gym_env.env:
INFO:gym_env.env:==================
INFO:gym_env.env:Starting new game.
INFO:gym_env.env:==================
INFO:gym_env.env:Player hand: ['6D', '9C'], Dealer Show Card: QC, Dealer Hand: ['QC', 'QD']
INFO:gym_env.env:Player: Action.STAY - Player hand: ['6D', '9C']
INFO:gym_env.env:Dealer Show Card: QC
INFO:gym_env.env:Dealer Hand: ['QC', 'QD']
INFO:gym_env.env:Game over.
INFO:gym_env.env:Player sum: 15, Dealer sum: 20
INFO:gym_env.env:Player received reward -1
INFO:gym_env.env:
INFO:gym_env.env:==================
INFO:gym_env.env:Starting new game.
INFO:gym_env.env:==================
INFO:gym_env.env:Player hand: ['QD', '3H'], Dealer Show Card: 8D, Dealer Hand: ['8D', 'QC']
INFO:gym_env.env:Player: Action.STAY - Player hand: ['QD', '3H']
INFO:gym_env.env:Dealer Show Card: 8D
INFO:gym_env.env:Dealer Hand: ['8D', 'QC']
INFO:gym_env.env:Game over.
INFO:gym_env.env:Player sum: 13, Dealer sum: 18
INFO:gym_env.env:Player received reward -1
INFO:gym_env.env:
INFO:gym_env.env:==================
INFO:gym_env.env:Starting new game.
INFO:gym_env.env:==================
INFO:gym_env.env:Player hand: ['6C', '4D'], Dealer Show Card: KD, Dealer Hand: ['KD', '2D']
INFO:gym_env.env:Player: Action.HIT - Player hand: ['6C', '4D', 'TS']
INFO:gym_env.env:Dealer Show Card: KD
INFO:gym_env.env:Dealer Hand: ['KD', '2D']
INFO:gym_env.env:Player: Action.STAY - Player hand: ['6C', '4D', 'TS']
INFO:gym_env.env:Dealer Show Card: KD
INFO:gym_env.env:Dealer Hand: ['KD', '2D', '8C']
INFO:gym_env.env:Game over.
INFO:gym_env.env:Player sum: 20, Dealer sum: 20
INFO:gym_env.env:Player received reward 0
INFO:gym_env.env:
INFO:gym_env.env:==================
INFO:gym_env.env:Starting new game.
INFO:gym_env.env:==================
INFO:gym_env.env:Player hand: ['5H', '5D'], Dealer Show Card: 7S, Dealer Hand: ['7S', 'QC']
INFO:gym_env.env:Player: Action.HIT - Player hand: ['5H', '5D', 'KD']
INFO:gym_env.env:Dealer Show Card: 7S
INFO:gym_env.env:Dealer Hand: ['7S', 'QC']
INFO:gym_env.env:Player: Action.STAY - Player hand: ['5H', '5D', 'KD']
INFO:gym_env.env:Dealer Show Card: 7S
INFO:gym_env.env:Dealer Hand: ['7S', 'QC']
INFO:gym_env.env:Game over.
INFO:gym_env.env:Player sum: 20, Dealer sum: 17
INFO:gym_env.env:Player received reward 1
INFO:gym_env.env:
INFO:gym_env.env:==================
INFO:gym_env.env:Starting new game.
INFO:gym_env.env:==================
INFO:gym_env.env:Player hand: ['6D', '9S'], Dealer Show Card: TC, Dealer Hand: ['TC', 'JD']
INFO:gym_env.env:Player: Action.STAY - Player hand: ['6D', '9S']
INFO:gym_env.env:Dealer Show Card: TC
INFO:gym_env.env:Dealer Hand: ['TC', 'JD']
INFO:gym_env.env:Game over.
INFO:gym_env.env:Player sum: 15, Dealer sum: 20
INFO:gym_env.env:Player received reward -1
INFO:gym_env.env:
INFO:gym_env.env:==================
INFO:gym_env.env:Starting new game.
INFO:gym_env.env:==================
INFO:gym_env.env:Player hand: ['JH', '2S'], Dealer Show Card: 3S, Dealer Hand: ['3S', '8C']
INFO:gym_env.env:Player: Action.STAY - Player hand: ['JH', '2S']
INFO:gym_env.env:Dealer Show Card: 3S
INFO:gym_env.env:Dealer Hand: ['3S', '8C', '7D']
INFO:gym_env.env:Game over.
INFO:gym_env.env:Player sum: 12, Dealer sum: 18
INFO:gym_env.env:Player received reward -1
INFO:gym_env.env:
INFO:gym_env.env:==================
INFO:gym_env.env:Starting new game.
INFO:gym_env.env:==================
INFO:gym_env.env:Player hand: ['4C', 'TD'], Dealer Show Card: 8H, Dealer Hand: ['8H', 'JC']
INFO:gym_env.env:Player: Action.STAY - Player hand: ['4C', 'TD']
INFO:gym_env.env:Dealer Show Card: 8H
INFO:gym_env.env:Dealer Hand: ['8H', 'JC']
INFO:gym_env.env:Game over.
INFO:gym_env.env:Player sum: 14, Dealer sum: 18
INFO:gym_env.env:Player received reward -1
INFO:gym_env.env:
INFO:gym_env.env:==================
INFO:gym_env.env:Starting new game.
INFO:gym_env.env:==================
INFO:gym_env.env:Player hand: ['AC', '3C'], Dealer Show Card: KD, Dealer Hand: ['KD', 'AH']
INFO:gym_env.env:Game over.
INFO:gym_env.env:Player sum: 14, Dealer sum: 21
INFO:gym_env.env:Player received reward -1
INFO:gym_env.env:Player: Action.STAY - Player hand: ['AC', '3C']
INFO:gym_env.env:Dealer Show Card: KD
INFO:gym_env.env:Dealer Hand: ['KD', 'AH']
INFO:gym_env.env:Game over.
INFO:gym_env.env:Player sum: 14, Dealer sum: 21
INFO:gym_env.env:Player received reward -1
INFO:gym_env.env:
INFO:gym_env.env:==================
INFO:gym_env.env:Starting new game.
INFO:gym_env.env:==================
INFO:gym_env.env:Player hand: ['7C', '3D'], Dealer Show Card: 5C, Dealer Hand: ['5C', 'QD']
INFO:gym_env.env:Player: Action.HIT - Player hand: ['7C', '3D', '4D']
INFO:gym_env.env:Dealer Show Card: 5C
INFO:gym_env.env:Dealer Hand: ['5C', 'QD']
INFO:gym_env.env:Player: Action.STAY - Player hand: ['7C', '3D', '4D']
INFO:gym_env.env:Dealer Show Card: 5C
INFO:gym_env.env:Dealer Hand: ['5C', 'QD', 'AC', 'QC']
INFO:gym_env.env:Game over.
INFO:gym_env.env:Player sum: 14, Dealer sum: 26
INFO:gym_env.env:Player received reward 1
INFO:gym_env.env:
INFO:gym_env.env:==================
INFO:gym_env.env:Starting new game.
INFO:gym_env.env:==================
INFO:gym_env.env:Player hand: ['JH', 'QH'], Dealer Show Card: KC, Dealer Hand: ['KC', '5S']
INFO:gym_env.env:Player: Action.STAY - Player hand: ['JH', 'QH']
INFO:gym_env.env:Dealer Show Card: KC
INFO:gym_env.env:Dealer Hand: ['KC', '5S', 'AC', '4S']
INFO:gym_env.env:Game over.
INFO:gym_env.env:Player sum: 20, Dealer sum: 20
INFO:gym_env.env:Player received reward 0
INFO:gym_env.env:
INFO:gym_env.env:==================
INFO:gym_env.env:Starting new game.
INFO:gym_env.env:==================
INFO:gym_env.env:Player hand: ['JC', '7H'], Dealer Show Card: 5D, Dealer Hand: ['5D', '9S']
INFO:gym_env.env:Player: Action.STAY - Player hand: ['JC', '7H']
INFO:gym_env.env:Dealer Show Card: 5D
INFO:gym_env.env:Dealer Hand: ['5D', '9S', 'AC', '8H']
INFO:gym_env.env:Game over.
INFO:gym_env.env:Player sum: 17, Dealer sum: 23
INFO:gym_env.env:Player received reward 1
INFO:gym_env.env:
INFO:gym_env.env:==================
INFO:gym_env.env:Starting new game.
INFO:gym_env.env:==================
INFO:gym_env.env:Player hand: ['3H', '6S'], Dealer Show Card: 9H, Dealer Hand: ['9H', '4S']
INFO:gym_env.env:Player: Action.HIT - Player hand: ['3H', '6S', 'TS']
INFO:gym_env.env:Dealer Show Card: 9H
INFO:gym_env.env:Dealer Hand: ['9H', '4S']
INFO:gym_env.env:Player: Action.STAY - Player hand: ['3H', '6S', 'TS']
INFO:gym_env.env:Dealer Show Card: 9H
INFO:gym_env.env:Dealer Hand: ['9H', '4S', 'KS']
INFO:gym_env.env:Game over.
INFO:gym_env.env:Player sum: 19, Dealer sum: 23
INFO:gym_env.env:Player received reward 1
INFO:gym_env.env:
INFO:gym_env.env:==================
INFO:gym_env.env:Starting new game.
INFO:gym_env.env:==================
INFO:gym_env.env:Player hand: ['3C', '2S'], Dealer Show Card: 5S, Dealer Hand: ['5S', '7C']
INFO:gym_env.env:Player: Action.HIT - Player hand: ['3C', '2S', 'JS']
INFO:gym_env.env:Dealer Show Card: 5S
INFO:gym_env.env:Dealer Hand: ['5S', '7C']
INFO:gym_env.env:Player: Action.STAY - Player hand: ['3C', '2S', 'JS']
INFO:gym_env.env:Dealer Show Card: 5S
INFO:gym_env.env:Dealer Hand: ['5S', '7C', 'KD']
INFO:gym_env.env:Game over.
INFO:gym_env.env:Player sum: 15, Dealer sum: 22
INFO:gym_env.env:Player received reward 1
INFO:gym_env.env:
INFO:gym_env.env:==================
INFO:gym_env.env:Starting new game.
INFO:gym_env.env:==================
INFO:gym_env.env:Player hand: ['9H', '6D'], Dealer Show Card: 7D, Dealer Hand: ['7D', '2C']
INFO:gym_env.env:Player: Action.STAY - Player hand: ['9H', '6D']
INFO:gym_env.env:Dealer Show Card: 7D
INFO:gym_env.env:Dealer Hand: ['7D', '2C', '2H', '9S']
INFO:gym_env.env:Game over.
INFO:gym_env.env:Player sum: 15, Dealer sum: 20
INFO:gym_env.env:Player received reward -1
INFO:gym_env.env:
INFO:gym_env.env:==================
INFO:gym_env.env:Starting new game.
INFO:gym_env.env:==================
INFO:gym_env.env:Player hand: ['5H', '3S'], Dealer Show Card: JS, Dealer Hand: ['JS', '8D']
INFO:gym_env.env:Player: Action.HIT - Player hand: ['5H', '3S', 'AH']
INFO:gym_env.env:Dealer Show Card: JS
INFO:gym_env.env:Dealer Hand: ['JS', '8D']
INFO:gym_env.env:Player: Action.STAY - Player hand: ['5H', '3S', 'AH']
INFO:gym_env.env:Dealer Show Card: JS
INFO:gym_env.env:Dealer Hand: ['JS', '8D']
INFO:gym_env.env:Game over.
INFO:gym_env.env:Player sum: 19, Dealer sum: 18
INFO:gym_env.env:Player received reward 1
INFO:gym_env.env:
INFO:gym_env.env:==================
INFO:gym_env.env:Starting new game.
INFO:gym_env.env:==================
INFO:gym_env.env:Player hand: ['TS', '9D'], Dealer Show Card: AD, Dealer Hand: ['AD', '6C']
INFO:gym_env.env:Player: Action.STAY - Player hand: ['TS', '9D']
INFO:gym_env.env:Dealer Show Card: AD
INFO:gym_env.env:Dealer Hand: ['AD', '6C']
INFO:gym_env.env:Game over.
INFO:gym_env.env:Player sum: 19, Dealer sum: 17
INFO:gym_env.env:Player received reward 1
INFO:gym_env.env:
INFO:gym_env.env:==================
INFO:gym_env.env:Starting new game.
INFO:gym_env.env:==================
INFO:gym_env.env:Player hand: ['8S', 'AC'], Dealer Show Card: KC, Dealer Hand: ['KC', 'KS']
INFO:gym_env.env:Player: Action.STAY - Player hand: ['8S', 'AC']
INFO:gym_env.env:Dealer Show Card: KC
INFO:gym_env.env:Dealer Hand: ['KC', 'KS']
INFO:gym_env.env:Game over.
INFO:gym_env.env:Player sum: 19, Dealer sum: 20
INFO:gym_env.env:Player received reward -1
INFO:gym_env.env:
INFO:gym_env.env:==================
INFO:gym_env.env:Starting new game.
INFO:gym_env.env:==================
INFO:gym_env.env:Player hand: ['2S', '9S'], Dealer Show Card: 5S, Dealer Hand: ['5S', 'QD']
INFO:gym_env.env:Player: Action.HIT - Player hand: ['2S', '9S', 'TC']
INFO:gym_env.env:Dealer Show Card: 5S
INFO:gym_env.env:Dealer Hand: ['5S', 'QD']
INFO:gym_env.env:Player: Action.STAY - Player hand: ['2S', '9S', 'TC']
INFO:gym_env.env:Dealer Show Card: 5S
INFO:gym_env.env:Dealer Hand: ['5S', 'QD', 'TS']
INFO:gym_env.env:Game over.
INFO:gym_env.env:Player sum: 21, Dealer sum: 25
INFO:gym_env.env:Player received reward 1
INFO:gym_env.env:
INFO:gym_env.env:==================
INFO:gym_env.env:Starting new game.
INFO:gym_env.env:==================
INFO:gym_env.env:Player hand: ['8H', '4S'], Dealer Show Card: 6H, Dealer Hand: ['6H', 'TD']
INFO:gym_env.env:Player: Action.STAY - Player hand: ['8H', '4S']
INFO:gym_env.env:Dealer Show Card: 6H
INFO:gym_env.env:Dealer Hand: ['6H', 'TD', '4H']
INFO:gym_env.env:Game over.
INFO:gym_env.env:Player sum: 12, Dealer sum: 20
INFO:gym_env.env:Player received reward -1
